DEBUG 2/24/2021 7:38:58 PM ==> Debug mode turned on.
DEBUG 2/24/2021 7:38:58 PM ==> OUT: id name ACE 0.1
DEBUG 2/24/2021 7:38:58 PM ==> OUT: id author Adam Adair
DEBUG 2/24/2021 7:38:58 PM ==> OUT: option name Search Depth type spin default 0 min 0 max 20
DEBUG 2/24/2021 7:38:58 PM ==> OUT: option name OwnBook type check default true
DEBUG 2/24/2021 7:38:58 PM ==> OUT: option name BookFile type string default book.txt
DEBUG 2/24/2021 7:38:58 PM ==> OUT: uciok
DEBUG 2/24/2021 7:39:13 PM ==>  IN: ucinewgame
DEBUG 2/24/2021 7:39:13 PM ==>  IN: isready
DEBUG 2/24/2021 7:39:13 PM ==> OUT: readyok
DEBUG 2/24/2021 7:39:13 PM ==>  IN: position startpos moves e2e4
DEBUG 2/24/2021 7:39:13 PM ==>  IN: go movetime 10
DEBUG 2/24/2021 7:39:13 PM ==> OUT: bestmove e7e5
DEBUG 2/24/2021 7:39:21 PM ==>  IN: position startpos moves e2e4 e7e5 g1f3
DEBUG 2/24/2021 7:39:21 PM ==>  IN: go movetime 10
DEBUG 2/24/2021 7:39:21 PM ==> OUT: bestmove d7d5
DEBUG 2/24/2021 7:39:27 PM ==>  IN: position startpos moves e2e4 e7e5 g1f3 d7d5 f3e5
DEBUG 2/24/2021 7:39:27 PM ==>  IN: go movetime 10
DEBUG 2/24/2021 7:39:27 PM ==> OUT: bestmove d5e4
DEBUG 2/24/2021 7:39:30 PM ==>  IN: position startpos moves e2e4 e7e5 g1f3 d7d5 f3e5 d5e4 f1c4
DEBUG 2/24/2021 7:39:30 PM ==>  IN: go movetime 10
DEBUG 2/24/2021 7:39:30 PM ==> OUT: bestmove d8d2
DEBUG 2/24/2021 7:39:33 PM ==>  IN: position startpos moves e2e4 e7e5 g1f3 d7d5 f3e5 d5e4 f1c4 d8d2 b1d2
DEBUG 2/24/2021 7:39:33 PM ==>  IN: go movetime 10
DEBUG 2/24/2021 7:39:33 PM ==> OUT: bestmove b8c6
DEBUG 2/24/2021 7:39:38 PM ==>  IN: position startpos moves e2e4 e7e5 g1f3 d7d5 f3e5 d5e4 f1c4 d8d2 b1d2 b8c6 e5f7
DEBUG 2/24/2021 7:39:38 PM ==>  IN: go movetime 10
DEBUG 2/24/2021 7:39:38 PM ==> OUT: bestmove g8f6
DEBUG 2/24/2021 7:39:43 PM ==>  IN: position startpos moves e2e4 e7e5 g1f3 d7d5 f3e5 d5e4 f1c4 d8d2 b1d2 b8c6 e5f7 g8f6 f7h8
DEBUG 2/24/2021 7:39:43 PM ==>  IN: go movetime 10
DEBUG 2/24/2021 7:39:43 PM ==> OUT: bestmove f8c5
DEBUG 2/24/2021 7:39:45 PM ==>  IN: position startpos moves e2e4 e7e5 g1f3 d7d5 f3e5 d5e4 f1c4 d8d2 b1d2 b8c6 e5f7 g8f6 f7h8 f8c5 c4f7
DEBUG 2/24/2021 7:39:45 PM ==>  IN: go movetime 10
DEBUG 2/24/2021 7:39:45 PM ==> OUT: bestmove e8d7
DEBUG 2/24/2021 7:39:48 PM ==>  IN: position startpos moves e2e4 e7e5 g1f3 d7d5 f3e5 d5e4 f1c4 d8d2 b1d2 b8c6 e5f7 g8f6 f7h8 f8c5 c4f7 e8d7 d2e4
DEBUG 2/24/2021 7:39:48 PM ==>  IN: go movetime 10
DEBUG 2/24/2021 7:39:48 PM ==> OUT: bestmove c5d4
DEBUG 2/24/2021 7:39:55 PM ==>  IN: position startpos moves e2e4 e7e5 g1f3 d7d5 f3e5 d5e4 f1c4 d8d2 b1d2 b8c6 e5f7 g8f6 f7h8 f8c5 c4f7 e8d7 d2e4 c5d4 e4f6
DEBUG 2/24/2021 7:39:55 PM ==>  IN: go movetime 10
DEBUG 2/24/2021 7:39:55 PM ==> OUT: bestmove g7f6
DEBUG 2/24/2021 7:40:06 PM ==>  IN: position startpos moves e2e4 e7e5 g1f3 d7d5 f3e5 d5e4 f1c4 d8d2 b1d2 b8c6 e5f7 g8f6 f7h8 f8c5 c4f7 e8d7 d2e4 c5d4 e4f6 g7f6 c1e3
DEBUG 2/24/2021 7:40:06 PM ==>  IN: go movetime 10
DEBUG 2/24/2021 7:40:06 PM ==> OUT: bestmove c6e5
DEBUG 2/24/2021 7:40:13 PM ==>  IN: position startpos moves e2e4 e7e5 g1f3 d7d5 f3e5 d5e4 f1c4 d8d2 b1d2 b8c6 e5f7 g8f6 f7h8 f8c5 c4f7 e8d7 d2e4 c5d4 e4f6 g7f6 c1e3 c6e5 d1d4
DEBUG 2/24/2021 7:40:13 PM ==>  IN: go movetime 10
DEBUG 2/24/2021 7:40:13 PM ==> OUT: bestmove d7e7
DEBUG 2/24/2021 7:40:15 PM ==>  IN: position startpos moves e2e4 e7e5 g1f3 d7d5 f3e5 d5e4 f1c4 d8d2 b1d2 b8c6 e5f7 g8f6 f7h8 f8c5 c4f7 e8d7 d2e4 c5d4 e4f6 g7f6 c1e3 c6e5 d1d4 d7e7 d4b4
DEBUG 2/24/2021 7:40:15 PM ==>  IN: go movetime 10
DEBUG 2/24/2021 7:40:15 PM ==> OUT: bestmove c7c5
DEBUG 2/24/2021 7:40:24 PM ==>  IN: position startpos moves e2e4 e7e5 g1f3 d7d5 f3e5 d5e4 f1c4 d8d2 b1d2 b8c6 e5f7 g8f6 f7h8 f8c5 c4f7 e8d7 d2e4 c5d4 e4f6 g7f6 c1e3 c6e5 d1d4 d7e7 d4b4 c7c5 b4c5
DEBUG 2/24/2021 7:40:24 PM ==>  IN: go movetime 10
DEBUG 2/24/2021 7:40:24 PM ==> OUT: bestmove e7d8
DEBUG 2/24/2021 7:40:26 PM ==>  IN: position startpos moves e2e4 e7e5 g1f3 d7d5 f3e5 d5e4 f1c4 d8d2 b1d2 b8c6 e5f7 g8f6 f7h8 f8c5 c4f7 e8d7 d2e4 c5d4 e4f6 g7f6 c1e3 c6e5 d1d4 d7e7 d4b4 c7c5 b4c5 e7d8 e1c1
DEBUG 2/24/2021 7:40:26 PM ==>  IN: go movetime 10
DEBUG 2/24/2021 7:40:26 PM ==> OUT: bestmove c8d7
DEBUG 2/24/2021 7:40:38 PM ==>  IN: position startpos moves e2e4 e7e5 g1f3 d7d5 f3e5 d5e4 f1c4 d8d2 b1d2 b8c6 e5f7 g8f6 f7h8 f8c5 c4f7 e8d7 d2e4 c5d4 e4f6 g7f6 c1e3 c6e5 d1d4 d7e7 d4b4 c7c5 b4c5 e7d8 e1c1 c8d7 c5f8
DEBUG 2/24/2021 7:40:38 PM ==>  IN: go movetime 10
DEBUG 2/24/2021 7:40:38 PM ==> OUT: bestmove d8c7
DEBUG 2/24/2021 7:40:47 PM ==>  IN: position startpos moves e2e4 e7e5 g1f3 d7d5 f3e5 d5e4 f1c4 d8d2 b1d2 b8c6 e5f7 g8f6 f7h8 f8c5 c4f7 e8d7 d2e4 c5d4 e4f6 g7f6 c1e3 c6e5 d1d4 d7e7 d4b4 c7c5 b4c5 e7d8 e1c1 c8d7 c5f8 d8c7 f8a8
DEBUG 2/24/2021 7:40:47 PM ==>  IN: go movetime 10
DEBUG 2/24/2021 7:40:47 PM ==> OUT: bestmove e5f7
DEBUG 2/24/2021 7:40:56 PM ==>  IN: position startpos moves e2e4 e7e5 g1f3 d7d5 f3e5 d5e4 f1c4 d8d2 b1d2 b8c6 e5f7 g8f6 f7h8 f8c5 c4f7 e8d7 d2e4 c5d4 e4f6 g7f6 c1e3 c6e5 d1d4 d7e7 d4b4 c7c5 b4c5 e7d8 e1c1 c8d7 c5f8 d8c7 f8a8 e5f7 h8f7
DEBUG 2/24/2021 7:40:56 PM ==>  IN: go movetime 10
DEBUG 2/24/2021 7:40:56 PM ==> OUT: bestmove d7e6
DEBUG 2/24/2021 7:41:09 PM ==>  IN: position startpos moves e2e4 e7e5 g1f3 d7d5 f3e5 d5e4 f1c4 d8d2 b1d2 b8c6 e5f7 g8f6 f7h8 f8c5 c4f7 e8d7 d2e4 c5d4 e4f6 g7f6 c1e3 c6e5 d1d4 d7e7 d4b4 c7c5 b4c5 e7d8 e1c1 c8d7 c5f8 d8c7 f8a8 e5f7 h8f7 d7e6 a8a7
DEBUG 2/24/2021 7:41:09 PM ==>  IN: go movetime 10
DEBUG 2/24/2021 7:41:09 PM ==> OUT: bestmove e6f7
DEBUG 2/24/2021 7:41:12 PM ==>  IN: position startpos moves e2e4 e7e5 g1f3 d7d5 f3e5 d5e4 f1c4 d8d2 b1d2 b8c6 e5f7 g8f6 f7h8 f8c5 c4f7 e8d7 d2e4 c5d4 e4f6 g7f6 c1e3 c6e5 d1d4 d7e7 d4b4 c7c5 b4c5 e7d8 e1c1 c8d7 c5f8 d8c7 f8a8 e5f7 h8f7 d7e6 a8a7 e6f7 a7b6
DEBUG 2/24/2021 7:41:12 PM ==>  IN: go movetime 10
DEBUG 2/24/2021 7:41:12 PM ==> OUT: bestmove c7c8
DEBUG 2/24/2021 7:41:14 PM ==>  IN: position startpos moves e2e4 e7e5 g1f3 d7d5 f3e5 d5e4 f1c4 d8d2 b1d2 b8c6 e5f7 g8f6 f7h8 f8c5 c4f7 e8d7 d2e4 c5d4 e4f6 g7f6 c1e3 c6e5 d1d4 d7e7 d4b4 c7c5 b4c5 e7d8 e1c1 c8d7 c5f8 d8c7 f8a8 e5f7 h8f7 d7e6 a8a7 e6f7 a7b6 c7c8 b6d8
DEBUG 2/24/2021 7:41:14 PM ==>  IN: go movetime 10
DEBUG 2/24/2021 7:41:14 PM ==> OUT: bestmove 0000
DEBUG 2/24/2021 7:41:16 PM ==>  IN: position fen 2kQ4/Bp3b1p/5p2/8/8/8/PPP2PPP/2KR3R b - - 5 22
ERROR 2/24/2021 7:41:16 PM ==> Index was outside the bounds of the array.
DEBUG 2/24/2021 7:41:16 PM ==> OUT: info string ERROR: Index was outside the bounds of the array.
DEBUG 2/24/2021 7:41:16 PM ==>  IN: go movetime 10
DEBUG 2/24/2021 7:41:16 PM ==> OUT: bestmove 0000
DEBUG 2/24/2021 7:41:18 PM ==>  IN: position fen 2k5/Bp1Q1b1p/5p2/8/8/8/PPP2PPP/2KR3R b - - 7 23
ERROR 2/24/2021 7:41:18 PM ==> Index was outside the bounds of the array.
DEBUG 2/24/2021 7:41:18 PM ==> OUT: info string ERROR: Index was outside the bounds of the array.
DEBUG 2/24/2021 7:41:18 PM ==>  IN: go movetime 10
DEBUG 2/24/2021 7:41:18 PM ==> OUT: bestmove 0000
DEBUG 2/24/2021 7:41:20 PM ==>  IN: position fen 2kQ4/Bp3b1p/5p2/8/8/8/PPP2PPP/2KR3R b - - 9 24
ERROR 2/24/2021 7:41:20 PM ==> Index was outside the bounds of the array.
DEBUG 2/24/2021 7:41:20 PM ==> OUT: info string ERROR: Index was outside the bounds of the array.
DEBUG 2/24/2021 7:41:20 PM ==>  IN: go movetime 10
DEBUG 2/24/2021 7:41:20 PM ==> OUT: bestmove 0000
DEBUG 2/24/2021 7:41:22 PM ==>  IN: position fen 2k5/Bp1Q1b1p/5p2/8/8/8/PPP2PPP/2KR3R b - - 11 25
ERROR 2/24/2021 7:41:22 PM ==> Index was outside the bounds of the array.
DEBUG 2/24/2021 7:41:22 PM ==> OUT: info string ERROR: Index was outside the bounds of the array.
DEBUG 2/24/2021 7:41:22 PM ==>  IN: go movetime 10
DEBUG 2/24/2021 7:41:22 PM ==> OUT: bestmove 0000
DEBUG 2/24/2021 7:41:24 PM ==>  IN: position fen 2kQ4/Bp3b1p/5p2/8/8/8/PPP2PPP/2KR3R b - - 13 26
ERROR 2/24/2021 7:41:24 PM ==> Index was outside the bounds of the array.
DEBUG 2/24/2021 7:41:24 PM ==> OUT: info string ERROR: Index was outside the bounds of the array.
DEBUG 2/24/2021 7:41:24 PM ==>  IN: go movetime 10
DEBUG 2/24/2021 7:41:24 PM ==> OUT: bestmove 0000
DEBUG 2/24/2021 7:41:26 PM ==>  IN: position fen 2k5/Bp1Q1b1p/5p2/8/8/8/PPP2PPP/2KR3R b - - 15 27
ERROR 2/24/2021 7:41:26 PM ==> Index was outside the bounds of the array.
DEBUG 2/24/2021 7:41:26 PM ==> OUT: info string ERROR: Index was outside the bounds of the array.
DEBUG 2/24/2021 7:41:26 PM ==>  IN: go movetime 10
DEBUG 2/24/2021 7:41:26 PM ==> OUT: bestmove 0000
DEBUG 2/24/2021 7:41:28 PM ==>  IN: position fen 2kQ4/Bp3b1p/5p2/8/8/8/PPP2PPP/2KR3R b - - 17 28
ERROR 2/24/2021 7:41:28 PM ==> Index was outside the bounds of the array.
DEBUG 2/24/2021 7:41:28 PM ==> OUT: info string ERROR: Index was outside the bounds of the array.
DEBUG 2/24/2021 7:41:28 PM ==>  IN: go movetime 10
DEBUG 2/24/2021 7:41:28 PM ==> OUT: bestmove 0000
DEBUG 2/24/2021 7:41:30 PM ==>  IN: position fen 2k5/Bp1Q1b1p/5p2/8/8/8/PPP2PPP/2KR3R b - - 19 29
ERROR 2/24/2021 7:41:30 PM ==> Index was outside the bounds of the array.
DEBUG 2/24/2021 7:41:30 PM ==> OUT: info string ERROR: Index was outside the bounds of the array.
DEBUG 2/24/2021 7:41:30 PM ==>  IN: go movetime 10
DEBUG 2/24/2021 7:41:30 PM ==> OUT: bestmove 0000
DEBUG 2/24/2021 7:41:32 PM ==>  IN: position fen 2kQ4/Bp3b1p/5p2/8/8/8/PPP2PPP/2KR3R b - - 21 30
ERROR 2/24/2021 7:41:32 PM ==> Index was outside the bounds of the array.
DEBUG 2/24/2021 7:41:32 PM ==> OUT: info string ERROR: Index was outside the bounds of the array.
DEBUG 2/24/2021 7:41:32 PM ==>  IN: go movetime 10
DEBUG 2/24/2021 7:41:32 PM ==> OUT: bestmove 0000
DEBUG 2/24/2021 7:41:32 PM ==>  IN: quit
